<?xml version="1.0" encoding="UTF-8"?>
<!-- Generated by org.testng.reporters.JUnitReportReporter -->
<testsuite hostname="SANJAY-PC" failures="0" tests="4" name="tests.ApiTest" time="5.428" errors="0" timestamp="2024-12-25T14:20:37 IST" skipped="0">
  <testcase classname="tests.ApiTest" name="testCreateIssue" time="2.703"/>
  <system-out/>
  <testcase classname="tests.ApiTest" name="testRetrieveIssue" time="1.006"/>
  <system-out/>
  <testcase classname="tests.ApiTest" name="testUpdateIssue" time="0.899"/>
  <system-out/>
  <testcase classname="tests.ApiTest" name="testDeleteIssue" time="0.820"/>
  <system-out/>
</testsuite> <!-- tests.ApiTest -->
