<?xml version="1.0" encoding="UTF-8"?>
<!-- Generated by org.testng.reporters.JUnitReportReporter -->
<testsuite hostname="SANJAY-PC" failures="0" tests="4" name="tests.ApiTest" time="4.893" errors="0" timestamp="2024-12-25T09:52:05 IST" skipped="0">
  <testcase classname="tests.ApiTest" name="testCreateIssue" time="2.665"/>
  <testcase classname="tests.ApiTest" name="testRetrieveIssue" time="0.528"/>
  <testcase classname="tests.ApiTest" name="testUpdateIssue" time="0.791"/>
  <testcase classname="tests.ApiTest" name="testDeleteIssue" time="0.909"/>
</testsuite> <!-- tests.ApiTest -->
